Arguments: 
  D:\Node.js\node.exe C:\Users\29263\AppData\Roaming\npm\node_modules\yarn\bin\yarn.js add @dcloudio/uni-ui

PATH: 
  C:\Program Files\PlasticSCM5\server;C:\Program Files\PlasticSCM5\client;C:\Program Files\Common Files\Oracle\Java\javapath;D:\CUDA\bin;D:\CUDA\libnvvp;C:\WINDOWS\system32;C:\WINDOWS;C:\WINDOWS\System32\Wbem;C:\WINDOWS\System32\WindowsPowerShell\v1.0\;C:\WINDOWS\System32\OpenSSH\;C:\Program Files\NVIDIA Corporation\Nsight Compute 2022.1.1\;C:\Program Files (x86)\NVIDIA Corporation\PhysX\Common;C:\Program Files\NVIDIA Corporation\NVIDIA NvDLISR;C:\WINDOWS\system32;C:\WINDOWS;C:\WINDOWS\System32\Wbem;C:\WINDOWS\System32\WindowsPowerShell\v1.0\;C:\WINDOWS\System32\OpenSSH\;D:\Node.js\;C:\ProgramData\chocolatey\bin;C:\Program Files\Common Files\Autodesk Shared\;C:\Program Files\Microsoft SQL Server\120\Tools\Binn\;C:\Program Files (x86)\Microsoft SQL Server\160\DTS\Binn\;C:\Program Files (x86)\Microsoft SQL Server\160\Tools\Binn\;C:\Program Files\Microsoft SQL Server\160\Tools\Binn\;C:\Program Files\Microsoft SQL Server\Client SDK\ODBC\170\Tools\Binn\;C:\Program Files\Microsoft SQL Server\160\DTS\Binn\;C:\Program Files\MySQL\MySQL Server 8.0\bin;C:\Program Files\Microsoft SQL Server\150\Tools\Binn\;C:\Program Files\dotnet\;C:\Program Files\Git\cmd;C:\Users\29263\AppData\Local\Programs\Python\Python310\Scripts\;C:\Users\29263\AppData\Local\Programs\Python\Python310\;D:\Anaconda1;D:\Anaconda1\Library\mingw-w64\bin;D:\Anaconda1\Library\usr\bin;D:\Anaconda1\Library\bin;D:\Anaconda1\Scripts;C:\Users\29263\AppData\Local\Microsoft\WindowsApps;C:\Program Files\NVIDIA GPU Computing Toolkit\CUDA\v11.6;C:\Users\29263\AppData\Roaming\npm;D:\WebStorm 2022.3.2\bin;;D:\apache-maven-3.9.2\bin;"C:\Program Files\Java\jdk-17\bin;C:\Program Files\Java\jdk-17\jre\bin;";D:\cpolar\;D:\tomcat\apache-tomcat-10.1.9\bin;D:\apache-tomcat-9.0.76\bin;D:\Microsoft VS Code\bin;C:\Program Files\JetBrains\IntelliJ IDEA 2024.1.4\bin;;D:\安装软件\微信小程序\微信web开发者工具\dll;C:\Users\29263\.dotnet\tools;C:\Program Files\Java\jdk-17\bin;

Yarn version: 
  1.22.19

Node version: 
  18.15.0

Platform: 
  win32 x64

Trace: 
  SyntaxError: D:\Uniapp\dianJianApp\dianjian01\package.json: Unexpected end of JSON input
      at JSON.parse (<anonymous>)
      at C:\Users\29263\AppData\Roaming\npm\node_modules\yarn\lib\cli.js:1629:59
      at Generator.next (<anonymous>)
      at step (C:\Users\29263\AppData\Roaming\npm\node_modules\yarn\lib\cli.js:310:30)
      at C:\Users\29263\AppData\Roaming\npm\node_modules\yarn\lib\cli.js:321:13

npm manifest: 
  

yarn manifest: 
  No manifest

Lockfile: 
  # THIS IS AN AUTOGENERATED FILE. DO NOT EDIT THIS FILE DIRECTLY.
  # yarn lockfile v1
  
  
  "@dcloudio/uni-ui@^1.5.7":
    version "1.5.7"
    resolved "https://registry.npmjs.org/@dcloudio/uni-ui/-/uni-ui-1.5.7.tgz#74daef1f537ae2b9320e51f44163fe56bdd19c87"
    integrity sha512-DugxSIrQrze1FLdUOj9a+JEQ0bHGjnJTcGUK1mN/MivKg7nuKJBRWk5Ipa9sUdoBznX6ndz5h2e7Uao6x1CdCw==
